<?xml version="1.0" encoding="UTF-8"?>
<testng-results skipped="0" failed="0" total="2" passed="2">
  <reporter-output>
    <line>
      <![CDATA[Before navigating to: 'http://carriers.swn.com/CarrierHub/Login/Login.aspx']]>
    </line>
    <line>
      <![CDATA[Navigated to:'http://carriers.swn.com/CarrierHub/Login/Login.aspx']]>
    </line>
    <line>
      <![CDATA[-----------------------LoginTest--------------]]>
    </line>
    <line>
      <![CDATA[Logging testing with username - bistestcustomdev]]>
    </line>
    <line>
      <![CDATA[Logging testing with password - @@BisTest123]]>
    </line>
    <line>
      <![CDATA[Trying to find Element By : By.xpath: //input[@id='ctl00_ctl00_Main_Login_Login1_UserName']]]>
    </line>
    <line>
      <![CDATA[Found Element By : By.xpath: //input[@id='ctl00_ctl00_Main_Login_Login1_UserName']]]>
    </line>
    <line>
      <![CDATA[Trying to find Element By : By.xpath: //input[@id='ctl00_ctl00_Main_Login_Login1_Password']]]>
    </line>
    <line>
      <![CDATA[Found Element By : By.xpath: //input[@id='ctl00_ctl00_Main_Login_Login1_Password']]]>
    </line>
    <line>
      <![CDATA[Trying to find Element By : By.xpath: //input[@id='ctl00_ctl00_Main_Login_Login1_LoginButton']]]>
    </line>
    <line>
      <![CDATA[Found Element By : By.xpath: //input[@id='ctl00_ctl00_Main_Login_Login1_LoginButton']]]>
    </line>
    <line>
      <![CDATA[Trying to click on: [[ChromeDriver: chrome on WINDOWS (be2062a07670a9a976178d19f8bcf458)] -> xpath: //input[@id='ctl00_ctl00_Main_Login_Login1_LoginButton']]]]>
    </line>
    <line>
      <![CDATA[Clicked on: [[ChromeDriver: chrome on WINDOWS (be2062a07670a9a976178d19f8bcf458)] -> xpath: //input[@id='ctl00_ctl00_Main_Login_Login1_LoginButton']]]]>
    </line>
    <line>
      <![CDATA[Trying to find Element By : By.xpath: //nobr[contains(text(),'Home')]]]>
    </line>
    <line>
      <![CDATA[Found Element By : By.xpath: //nobr[contains(text(),'Home')]]]>
    </line>
    <line>
      <![CDATA[Successful logging with username -  bistestcustomdev]]>
    </line>
    <line>
      <![CDATA[-----------------------ProfileTest--------------]]>
    </line>
    <line>
      <![CDATA[Trying to find Element By : By.xpath: //span[@id='ctl00_ctl00_Main_Login_lblWelcomeGreeting']]]>
    </line>
    <line>
      <![CDATA[Found Element By : By.xpath: //span[@id='ctl00_ctl00_Main_Login_lblWelcomeGreeting']]]>
    </line>
    <line>
      <![CDATA[Trying to find Element By : By.xpath: //div[@id='SideMenuWebListbar_0_Item_0']]]>
    </line>
    <line>
      <![CDATA[Found Element By : By.xpath: //div[@id='SideMenuWebListbar_0_Item_0']]]>
    </line>
    <line>
      <![CDATA[Trying to click on: [[ChromeDriver: chrome on WINDOWS (be2062a07670a9a976178d19f8bcf458)] -> xpath: //div[@id='SideMenuWebListbar_0_Item_0']]]]>
    </line>
    <line>
      <![CDATA[Clicked on: [[ChromeDriver: chrome on WINDOWS (be2062a07670a9a976178d19f8bcf458)] -> xpath: //div[@id='SideMenuWebListbar_0_Item_0']]]]>
    </line>
    <line>
      <![CDATA[Trying to find Element By : By.xpath: //body[@id='ctl00_ctl00_MasterPage']/form[@id='aspnetForm']/table/tbody/tr/td/table/tbody/tr/td/div[@id='ctl00_ctl00_pnlMain']/div[@id='ctl00_ctl00_Main_upPage']/table/tbody/tr/td/table[1]]]>
    </line>
    <line>
      <![CDATA[Found Element By : By.xpath: //body[@id='ctl00_ctl00_MasterPage']/form[@id='aspnetForm']/table/tbody/tr/td/table/tbody/tr/td/div[@id='ctl00_ctl00_pnlMain']/div[@id='ctl00_ctl00_Main_upPage']/table/tbody/tr/td/table[1]]]>
    </line>
    <line>
      <![CDATA[Trying to find Element By : By.xpath: //img[@id='ctl00_ctl00_imgLogout']]]>
    </line>
    <line>
      <![CDATA[Found Element By : By.xpath: //img[@id='ctl00_ctl00_imgLogout']]]>
    </line>
    <line>
      <![CDATA[Trying to click on: [[ChromeDriver: chrome on WINDOWS (be2062a07670a9a976178d19f8bcf458)] -> xpath: //img[@id='ctl00_ctl00_imgLogout']]]]>
    </line>
    <line>
      <![CDATA[Clicked on: [[ChromeDriver: chrome on WINDOWS (be2062a07670a9a976178d19f8bcf458)] -> xpath: //img[@id='ctl00_ctl00_imgLogout']]]]>
    </line>
    <line>
      <![CDATA[Trying to find Element By : By.xpath: //input[@id='ctl00_ctl00_Main_Login_Login1_UserName']]]>
    </line>
    <line>
      <![CDATA[Found Element By : By.xpath: //input[@id='ctl00_ctl00_Main_Login_Login1_UserName']]]>
    </line>
  </reporter-output>
  <suite name="Default suite" duration-ms="53256" started-at="2020-02-10T18:03:28Z" finished-at="2020-02-10T18:04:22Z">
    <groups>
    </groups>
    <test name="Default test" duration-ms="53256" started-at="2020-02-10T18:03:28Z" finished-at="2020-02-10T18:04:22Z">
      <class name="test.SWN.LoginPageTest">
        <test-method status="PASS" signature="setUp()[pri:0, instance:test.SWN.LoginPageTest@1a968a59]" name="setUp" is-config="true" duration-ms="26187" started-at="2020-02-10T23:33:28Z" finished-at="2020-02-10T23:33:55Z">
          <reporter-output>
            <line>
              <![CDATA[Before navigating to: 'http://carriers.swn.com/CarrierHub/Login/Login.aspx']]>
            </line>
            <line>
              <![CDATA[Navigated to:'http://carriers.swn.com/CarrierHub/Login/Login.aspx']]>
            </line>
          </reporter-output>
        </test-method> <!-- setUp -->
        <test-method status="PASS" signature="LoginTest()[pri:1, instance:test.SWN.LoginPageTest@1a968a59]" name="LoginTest" duration-ms="10007" started-at="2020-02-10T23:33:55Z" finished-at="2020-02-10T23:34:05Z">
          <reporter-output>
            <line>
              <![CDATA[-----------------------LoginTest--------------]]>
            </line>
            <line>
              <![CDATA[Logging testing with username - bistestcustomdev]]>
            </line>
            <line>
              <![CDATA[Logging testing with password - @@BisTest123]]>
            </line>
            <line>
              <![CDATA[Trying to find Element By : By.xpath: //input[@id='ctl00_ctl00_Main_Login_Login1_UserName']]]>
            </line>
            <line>
              <![CDATA[Found Element By : By.xpath: //input[@id='ctl00_ctl00_Main_Login_Login1_UserName']]]>
            </line>
            <line>
              <![CDATA[Trying to find Element By : By.xpath: //input[@id='ctl00_ctl00_Main_Login_Login1_Password']]]>
            </line>
            <line>
              <![CDATA[Found Element By : By.xpath: //input[@id='ctl00_ctl00_Main_Login_Login1_Password']]]>
            </line>
            <line>
              <![CDATA[Trying to find Element By : By.xpath: //input[@id='ctl00_ctl00_Main_Login_Login1_LoginButton']]]>
            </line>
            <line>
              <![CDATA[Found Element By : By.xpath: //input[@id='ctl00_ctl00_Main_Login_Login1_LoginButton']]]>
            </line>
            <line>
              <![CDATA[Trying to click on: [[ChromeDriver: chrome on WINDOWS (be2062a07670a9a976178d19f8bcf458)] -> xpath: //input[@id='ctl00_ctl00_Main_Login_Login1_LoginButton']]]]>
            </line>
            <line>
              <![CDATA[Clicked on: [[ChromeDriver: chrome on WINDOWS (be2062a07670a9a976178d19f8bcf458)] -> xpath: //input[@id='ctl00_ctl00_Main_Login_Login1_LoginButton']]]]>
            </line>
            <line>
              <![CDATA[Trying to find Element By : By.xpath: //nobr[contains(text(),'Home')]]]>
            </line>
            <line>
              <![CDATA[Found Element By : By.xpath: //nobr[contains(text(),'Home')]]]>
            </line>
            <line>
              <![CDATA[Successful logging with username -  bistestcustomdev]]>
            </line>
          </reporter-output>
        </test-method> <!-- LoginTest -->
        <test-method status="PASS" signature="ProfileTest()[pri:2, instance:test.SWN.LoginPageTest@1a968a59]" name="ProfileTest" duration-ms="15408" started-at="2020-02-10T23:34:05Z" depends-on-methods="test.SWN.LoginPageTest.LoginTest" finished-at="2020-02-10T23:34:20Z">
          <reporter-output>
            <line>
              <![CDATA[-----------------------ProfileTest--------------]]>
            </line>
            <line>
              <![CDATA[Trying to find Element By : By.xpath: //span[@id='ctl00_ctl00_Main_Login_lblWelcomeGreeting']]]>
            </line>
            <line>
              <![CDATA[Found Element By : By.xpath: //span[@id='ctl00_ctl00_Main_Login_lblWelcomeGreeting']]]>
            </line>
            <line>
              <![CDATA[Trying to find Element By : By.xpath: //div[@id='SideMenuWebListbar_0_Item_0']]]>
            </line>
            <line>
              <![CDATA[Found Element By : By.xpath: //div[@id='SideMenuWebListbar_0_Item_0']]]>
            </line>
            <line>
              <![CDATA[Trying to click on: [[ChromeDriver: chrome on WINDOWS (be2062a07670a9a976178d19f8bcf458)] -> xpath: //div[@id='SideMenuWebListbar_0_Item_0']]]]>
            </line>
            <line>
              <![CDATA[Clicked on: [[ChromeDriver: chrome on WINDOWS (be2062a07670a9a976178d19f8bcf458)] -> xpath: //div[@id='SideMenuWebListbar_0_Item_0']]]]>
            </line>
            <line>
              <![CDATA[Trying to find Element By : By.xpath: //body[@id='ctl00_ctl00_MasterPage']/form[@id='aspnetForm']/table/tbody/tr/td/table/tbody/tr/td/div[@id='ctl00_ctl00_pnlMain']/div[@id='ctl00_ctl00_Main_upPage']/table/tbody/tr/td/table[1]]]>
            </line>
            <line>
              <![CDATA[Found Element By : By.xpath: //body[@id='ctl00_ctl00_MasterPage']/form[@id='aspnetForm']/table/tbody/tr/td/table/tbody/tr/td/div[@id='ctl00_ctl00_pnlMain']/div[@id='ctl00_ctl00_Main_upPage']/table/tbody/tr/td/table[1]]]>
            </line>
            <line>
              <![CDATA[Trying to find Element By : By.xpath: //img[@id='ctl00_ctl00_imgLogout']]]>
            </line>
            <line>
              <![CDATA[Found Element By : By.xpath: //img[@id='ctl00_ctl00_imgLogout']]]>
            </line>
            <line>
              <![CDATA[Trying to click on: [[ChromeDriver: chrome on WINDOWS (be2062a07670a9a976178d19f8bcf458)] -> xpath: //img[@id='ctl00_ctl00_imgLogout']]]]>
            </line>
            <line>
              <![CDATA[Clicked on: [[ChromeDriver: chrome on WINDOWS (be2062a07670a9a976178d19f8bcf458)] -> xpath: //img[@id='ctl00_ctl00_imgLogout']]]]>
            </line>
            <line>
              <![CDATA[Trying to find Element By : By.xpath: //input[@id='ctl00_ctl00_Main_Login_Login1_UserName']]]>
            </line>
            <line>
              <![CDATA[Found Element By : By.xpath: //input[@id='ctl00_ctl00_Main_Login_Login1_UserName']]]>
            </line>
          </reporter-output>
        </test-method> <!-- ProfileTest -->
        <test-method status="PASS" signature="Flush()[pri:0, instance:test.SWN.LoginPageTest@1a968a59]" name="Flush" is-config="true" duration-ms="1588" started-at="2020-02-10T23:34:20Z" finished-at="2020-02-10T23:34:22Z">
          <reporter-output>
          </reporter-output>
        </test-method> <!-- Flush -->
      </class> <!-- test.SWN.LoginPageTest -->
    </test> <!-- Default test -->
  </suite> <!-- Default suite -->
</testng-results>
